2026-05-25T15:44:39.643-03:00  INFO 12776 --- [LibraryApi] [main] i.g.S.LibraryApi.Application             : Starting Application using Java 21.0.10 with PID 12776 (C:\Estudos\Spring\Aula 3\LibraryApi\target\classes started by sflorenc in C:\Estudos\Spring\Aula 3\LibraryApi)
2026-05-25T15:44:39.838-03:00  INFO 12776 --- [LibraryApi] [main] i.g.S.LibraryApi.Application             : No active profile set, falling back to 1 default profile: "default"
2026-05-25T15:44:57.115-03:00  INFO 12776 --- [LibraryApi] [main] .s.d.r.c.RepositoryConfigurationDelegate : Bootstrapping Spring Data JPA repositories in DEFAULT mode.
2026-05-25T15:44:58.865-03:00  INFO 12776 --- [LibraryApi] [main] .s.d.r.c.RepositoryConfigurationDelegate : Finished Spring Data repository scanning in 1652 ms. Found 4 JPA repository interfaces.
2026-05-25T15:45:08.662-03:00  INFO 12776 --- [LibraryApi] [main] o.s.b.w.embedded.tomcat.TomcatWebServer  : Tomcat initialized with port 8080 (http)
2026-05-25T15:45:08.916-03:00  INFO 12776 --- [LibraryApi] [main] o.apache.catalina.core.StandardService   : Starting service [Tomcat]
2026-05-25T15:45:09.009-03:00  INFO 12776 --- [LibraryApi] [main] o.apache.catalina.core.StandardEngine    : Starting Servlet engine: [Apache Tomcat/10.1.54]
2026-05-25T15:45:10.098-03:00  INFO 12776 --- [LibraryApi] [main] o.a.c.c.C.[Tomcat].[localhost].[/]       : Initializing Spring embedded WebApplicationContext
2026-05-25T15:45:10.209-03:00  INFO 12776 --- [LibraryApi] [main] w.s.c.ServletWebServerApplicationContext : Root WebApplicationContext: initialization completed in 29595 ms
2026-05-25T15:45:14.460-03:00  INFO 12776 --- [LibraryApi] [main] o.hibernate.jpa.internal.util.LogHelper  : HHH000204: Processing PersistenceUnitInfo [name: default]
2026-05-25T15:45:15.184-03:00  INFO 12776 --- [LibraryApi] [main] org.hibernate.Version                    : HHH000412: Hibernate ORM core version 6.6.49.Final
2026-05-25T15:45:15.864-03:00  INFO 12776 --- [LibraryApi] [main] o.h.c.internal.RegionFactoryInitiator    : HHH000026: Second-level cache disabled
2026-05-25T15:45:22.765-03:00  INFO 12776 --- [LibraryApi] [main] org.hibernate.orm.connections.pooling    : HHH10001005: Database info:
	Database JDBC URL [Connecting through datasource 'org.springframework.jdbc.datasource.DriverManagerDataSource@34e25492']
	Database driver: undefined/unknown
	Database version: 17.4
	Autocommit mode: undefined/unknown
	Isolation level: undefined/unknown
	Minimum pool size: undefined/unknown
	Maximum pool size: undefined/unknown
2026-05-25T15:45:29.105-03:00  INFO 12776 --- [LibraryApi] [main] o.s.o.j.p.SpringPersistenceUnitInfo      : No LoadTimeWeaver setup: ignoring JPA class transformer
2026-05-25T15:45:54.914-03:00  INFO 12776 --- [LibraryApi] [main] o.h.e.t.j.p.i.JtaPlatformInitiator       : HHH000489: No JTA platform available (set 'hibernate.transaction.jta.platform' to enable JTA platform integration)
2026-05-25T15:45:55.147-03:00  INFO 12776 --- [LibraryApi] [main] j.LocalContainerEntityManagerFactoryBean : Initialized JPA EntityManagerFactory for persistence unit 'default'
2026-05-25T15:46:09.877-03:00  INFO 12776 --- [LibraryApi] [main] o.s.d.j.r.query.QueryEnhancerFactory     : Hibernate is in classpath; If applicable, HQL parser will be used.
2026-05-25T15:46:18.858-03:00  WARN 12776 --- [LibraryApi] [main] JpaBaseConfiguration$JpaWebConfiguration : spring.jpa.open-in-view is enabled by default. Therefore, database queries may be performed during view rendering. Explicitly configure spring.jpa.open-in-view to disable this warning
2026-05-25T15:46:24.715-03:00  INFO 12776 --- [LibraryApi] [main] o.s.b.a.e.web.EndpointLinksResolver      : Exposing 1 endpoint beneath base path '/actuator'
2026-05-25T15:46:25.233-03:00  INFO 12776 --- [LibraryApi] [main] eAuthenticationProviderManagerConfigurer : Global AuthenticationManager configured with AuthenticationProvider bean with name customAuthenticationProvider
2026-05-25T15:46:29.477-03:00  WARN 12776 --- [LibraryApi] [main] o.s.s.c.a.web.builders.WebSecurity       : You are asking Spring Security to ignore Deferred [Mvc [pattern='/v2/api-docs/**'], Ant [pattern='/v2/api-docs/**']]. This is not recommended -- please use permitAll via HttpSecurity#authorizeHttpRequests instead.
2026-05-25T15:46:29.524-03:00  WARN 12776 --- [LibraryApi] [main] o.s.s.c.a.web.builders.WebSecurity       : You are asking Spring Security to ignore Deferred [Mvc [pattern='/v3/api-docs/**'], Ant [pattern='/v3/api-docs/**']]. This is not recommended -- please use permitAll via HttpSecurity#authorizeHttpRequests instead.
2026-05-25T15:46:29.566-03:00  WARN 12776 --- [LibraryApi] [main] o.s.s.c.a.web.builders.WebSecurity       : You are asking Spring Security to ignore Deferred [Mvc [pattern='/swagger-resources/**'], Ant [pattern='/swagger-resources/**']]. This is not recommended -- please use permitAll via HttpSecurity#authorizeHttpRequests instead.
2026-05-25T15:46:29.582-03:00  WARN 12776 --- [LibraryApi] [main] o.s.s.c.a.web.builders.WebSecurity       : You are asking Spring Security to ignore Deferred [Mvc [pattern='/swagger-ui/**'], Ant [pattern='/swagger-ui/**']]. This is not recommended -- please use permitAll via HttpSecurity#authorizeHttpRequests instead.
2026-05-25T15:46:29.590-03:00  WARN 12776 --- [LibraryApi] [main] o.s.s.c.a.web.builders.WebSecurity       : You are asking Spring Security to ignore Deferred [Mvc [pattern='/swagger-ui.html'], Ant [pattern='/swagger-ui.html']]. This is not recommended -- please use permitAll via HttpSecurity#authorizeHttpRequests instead.
2026-05-25T15:46:29.597-03:00  WARN 12776 --- [LibraryApi] [main] o.s.s.c.a.web.builders.WebSecurity       : You are asking Spring Security to ignore Deferred [Mvc [pattern='/webjars/**'], Ant [pattern='/webjars/**']]. This is not recommended -- please use permitAll via HttpSecurity#authorizeHttpRequests instead.
2026-05-25T15:46:34.712-03:00  INFO 12776 --- [LibraryApi] [main] o.s.b.w.embedded.tomcat.TomcatWebServer  : Tomcat started on port 8080 (http) with context path '/'
2026-05-25T15:46:35.100-03:00  INFO 12776 --- [LibraryApi] [main] i.g.S.LibraryApi.Application             : Started Application in 120.702 seconds (process running for 126.511)
2026-05-25T15:46:57.983-03:00  INFO 12776 --- [LibraryApi] [http-nio-8080-exec-3] o.a.c.c.C.[Tomcat].[localhost].[/]       : Initializing Spring DispatcherServlet 'dispatcherServlet'
2026-05-25T15:46:58.036-03:00  INFO 12776 --- [LibraryApi] [http-nio-8080-exec-3] o.s.web.servlet.DispatcherServlet        : Initializing Servlet 'dispatcherServlet'
2026-05-25T15:46:58.118-03:00  INFO 12776 --- [LibraryApi] [http-nio-8080-exec-3] o.s.web.servlet.DispatcherServlet        : Completed initialization in 3 ms
2026-05-25T16:28:04.542-03:00  INFO 24760 --- [LibraryApi] [main] i.g.S.LibraryApi.Application             : Starting Application using Java 21.0.10 with PID 24760 (C:\Estudos\Spring\Aula 3\LibraryApi\target\classes started by sflorenc in C:\Estudos\Spring\Aula 3\LibraryApi)
2026-05-25T16:28:04.724-03:00 DEBUG 24760 --- [LibraryApi] [main] i.g.S.LibraryApi.Application             : Running with Spring Boot v3.5.14, Spring v6.2.18
2026-05-25T16:28:04.729-03:00  INFO 24760 --- [LibraryApi] [main] i.g.S.LibraryApi.Application             : No active profile set, falling back to 1 default profile: "default"
2026-05-25T16:28:58.562-03:00 DEBUG 24760 --- [LibraryApi] [main] i.g.S.L.s.JwtCustomAuthenticationFilter  : Filter 'jwtCustomAuthenticationFilter' configured for use
2026-05-25T16:29:08.827-03:00  WARN 24760 --- [LibraryApi] [main] JpaBaseConfiguration$JpaWebConfiguration : spring.jpa.open-in-view is enabled by default. Therefore, database queries may be performed during view rendering. Explicitly configure spring.jpa.open-in-view to disable this warning
2026-05-25T16:29:16.047-03:00  WARN 24760 --- [LibraryApi] [main] o.s.s.c.a.web.builders.WebSecurity       : You are asking Spring Security to ignore Deferred [Mvc [pattern='/v2/api-docs/**'], Ant [pattern='/v2/api-docs/**']]. This is not recommended -- please use permitAll via HttpSecurity#authorizeHttpRequests instead.
2026-05-25T16:29:16.058-03:00  WARN 24760 --- [LibraryApi] [main] o.s.s.c.a.web.builders.WebSecurity       : You are asking Spring Security to ignore Deferred [Mvc [pattern='/v3/api-docs/**'], Ant [pattern='/v3/api-docs/**']]. This is not recommended -- please use permitAll via HttpSecurity#authorizeHttpRequests instead.
2026-05-25T16:29:16.061-03:00  WARN 24760 --- [LibraryApi] [main] o.s.s.c.a.web.builders.WebSecurity       : You are asking Spring Security to ignore Deferred [Mvc [pattern='/swagger-resources/**'], Ant [pattern='/swagger-resources/**']]. This is not recommended -- please use permitAll via HttpSecurity#authorizeHttpRequests instead.
2026-05-25T16:29:16.080-03:00  WARN 24760 --- [LibraryApi] [main] o.s.s.c.a.web.builders.WebSecurity       : You are asking Spring Security to ignore Deferred [Mvc [pattern='/swagger-ui/**'], Ant [pattern='/swagger-ui/**']]. This is not recommended -- please use permitAll via HttpSecurity#authorizeHttpRequests instead.
2026-05-25T16:29:16.096-03:00  WARN 24760 --- [LibraryApi] [main] o.s.s.c.a.web.builders.WebSecurity       : You are asking Spring Security to ignore Deferred [Mvc [pattern='/swagger-ui.html'], Ant [pattern='/swagger-ui.html']]. This is not recommended -- please use permitAll via HttpSecurity#authorizeHttpRequests instead.
2026-05-25T16:29:16.109-03:00  WARN 24760 --- [LibraryApi] [main] o.s.s.c.a.web.builders.WebSecurity       : You are asking Spring Security to ignore Deferred [Mvc [pattern='/webjars/**'], Ant [pattern='/webjars/**']]. This is not recommended -- please use permitAll via HttpSecurity#authorizeHttpRequests instead.
2026-05-25T16:29:19.989-03:00  INFO 24760 --- [LibraryApi] [main] i.g.S.LibraryApi.Application             : Started Application in 84.757 seconds (process running for 90.541)
2026-05-25T16:36:25.206-03:00  INFO 16892 --- [LibraryApi] [main] i.g.S.LibraryApi.Application             : Starting Application using Java 21.0.10 with PID 16892 (C:\Estudos\Spring\Aula 3\LibraryApi\target\classes started by sflorenc in C:\Estudos\Spring\Aula 3\LibraryApi)
2026-05-25T16:36:25.225-03:00 DEBUG 16892 --- [LibraryApi] [main] i.g.S.LibraryApi.Application             : Running with Spring Boot v3.5.14, Spring v6.2.18
2026-05-25T16:36:25.315-03:00  INFO 16892 --- [LibraryApi] [main] i.g.S.LibraryApi.Application             : No active profile set, falling back to 1 default profile: "default"
2026-05-25T16:37:05.913-03:00 DEBUG 16892 --- [LibraryApi] [main] i.g.S.L.s.JwtCustomAuthenticationFilter  : Filter 'jwtCustomAuthenticationFilter' configured for use
2026-05-25T16:37:12.094-03:00  WARN 16892 --- [LibraryApi] [main] JpaBaseConfiguration$JpaWebConfiguration : spring.jpa.open-in-view is enabled by default. Therefore, database queries may be performed during view rendering. Explicitly configure spring.jpa.open-in-view to disable this warning
2026-05-25T16:37:19.804-03:00  WARN 16892 --- [LibraryApi] [main] o.s.s.c.a.web.builders.WebSecurity       : You are asking Spring Security to ignore Deferred [Mvc [pattern='/v2/api-docs/**'], Ant [pattern='/v2/api-docs/**']]. This is not recommended -- please use permitAll via HttpSecurity#authorizeHttpRequests instead.
2026-05-25T16:37:19.865-03:00  WARN 16892 --- [LibraryApi] [main] o.s.s.c.a.web.builders.WebSecurity       : You are asking Spring Security to ignore Deferred [Mvc [pattern='/v3/api-docs/**'], Ant [pattern='/v3/api-docs/**']]. This is not recommended -- please use permitAll via HttpSecurity#authorizeHttpRequests instead.
2026-05-25T16:37:19.947-03:00  WARN 16892 --- [LibraryApi] [main] o.s.s.c.a.web.builders.WebSecurity       : You are asking Spring Security to ignore Deferred [Mvc [pattern='/swagger-resources/**'], Ant [pattern='/swagger-resources/**']]. This is not recommended -- please use permitAll via HttpSecurity#authorizeHttpRequests instead.
2026-05-25T16:37:20.079-03:00  WARN 16892 --- [LibraryApi] [main] o.s.s.c.a.web.builders.WebSecurity       : You are asking Spring Security to ignore Deferred [Mvc [pattern='/swagger-ui/**'], Ant [pattern='/swagger-ui/**']]. This is not recommended -- please use permitAll via HttpSecurity#authorizeHttpRequests instead.
2026-05-25T16:37:20.116-03:00  WARN 16892 --- [LibraryApi] [main] o.s.s.c.a.web.builders.WebSecurity       : You are asking Spring Security to ignore Deferred [Mvc [pattern='/swagger-ui.html'], Ant [pattern='/swagger-ui.html']]. This is not recommended -- please use permitAll via HttpSecurity#authorizeHttpRequests instead.
2026-05-25T16:37:20.179-03:00  WARN 16892 --- [LibraryApi] [main] o.s.s.c.a.web.builders.WebSecurity       : You are asking Spring Security to ignore Deferred [Mvc [pattern='/webjars/**'], Ant [pattern='/webjars/**']]. This is not recommended -- please use permitAll via HttpSecurity#authorizeHttpRequests instead.
2026-05-25T16:37:24.297-03:00  INFO 16892 --- [LibraryApi] [main] i.g.S.LibraryApi.Application             : Started Application in 66.381 seconds (process running for 73.236)
2026-05-25T16:38:45.192-03:00  INFO 16892 --- [LibraryApi] [http-nio-8080-exec-3] o.s.web.servlet.DispatcherServlet        : Initializing Servlet 'dispatcherServlet'
2026-05-25T16:38:45.307-03:00  INFO 16892 --- [LibraryApi] [http-nio-8080-exec-3] o.s.web.servlet.DispatcherServlet        : Completed initialization in 7 ms
